0 info it worked if it ends with ok
1 verbose cli [ '/usr/local/bin/node', '/usr/local/bin/npm', 'run', 'test' ]
2 info using npm@4.1.2
3 info using node@v7.7.2
4 verbose run-script [ 'pretest', 'test', 'posttest' ]
5 info lifecycle javascript-clean-code@1.0.0~pretest: javascript-clean-code@1.0.0
6 silly lifecycle javascript-clean-code@1.0.0~pretest: no script for pretest, continuing
7 info lifecycle javascript-clean-code@1.0.0~test: javascript-clean-code@1.0.0
8 verbose lifecycle javascript-clean-code@1.0.0~test: unsafe-perm in lifecycle true
9 verbose lifecycle javascript-clean-code@1.0.0~test: PATH: /usr/local/lib/node_modules/npm/bin/node-gyp-bin:/Users/juliuskoronci/WebstormProjects/javascript-clean-code/node_modules/.bin:/usr/local/php5/bin:/usr/local/bin:/usr/bin:/bin:/usr/sbin:/sbin
10 verbose lifecycle javascript-clean-code@1.0.0~test: CWD: /Users/juliuskoronci/WebstormProjects/javascript-clean-code
11 silly lifecycle javascript-clean-code@1.0.0~test: Args: [ '-c', 'jest --coverage' ]
12 silly lifecycle javascript-clean-code@1.0.0~test: Returned: code: 1  signal: null
13 info lifecycle javascript-clean-code@1.0.0~test: Failed to exec test script
14 verbose stack Error: javascript-clean-code@1.0.0 test: `jest --coverage`
14 verbose stack Exit status 1
14 verbose stack     at EventEmitter.<anonymous> (/usr/local/lib/node_modules/npm/lib/utils/lifecycle.js:279:16)
14 verbose stack     at emitTwo (events.js:106:13)
14 verbose stack     at EventEmitter.emit (events.js:194:7)
14 verbose stack     at ChildProcess.<anonymous> (/usr/local/lib/node_modules/npm/lib/utils/spawn.js:40:14)
14 verbose stack     at emitTwo (events.js:106:13)
14 verbose stack     at ChildProcess.emit (events.js:194:7)
14 verbose stack     at maybeClose (internal/child_process.js:899:16)
14 verbose stack     at Process.ChildProcess._handle.onexit (internal/child_process.js:226:5)
15 verbose pkgid javascript-clean-code@1.0.0
16 verbose cwd /Users/juliuskoronci/WebstormProjects/javascript-clean-code
17 error Darwin 16.7.0
18 error argv "/usr/local/bin/node" "/usr/local/bin/npm" "run" "test"
19 error node v7.7.2
20 error npm  v4.1.2
21 error code ELIFECYCLE
22 error javascript-clean-code@1.0.0 test: `jest --coverage`
22 error Exit status 1
23 error Failed at the javascript-clean-code@1.0.0 test script 'jest --coverage'.
23 error Make sure you have the latest version of node.js and npm installed.
23 error If you do, this is most likely a problem with the javascript-clean-code package,
23 error not with npm itself.
23 error Tell the author that this fails on your system:
23 error     jest --coverage
23 error You can get information on how to open an issue for this project with:
23 error     npm bugs javascript-clean-code
23 error Or if that isn't available, you can get their info via:
23 error     npm owner ls javascript-clean-code
23 error There is likely additional logging output above.
24 verbose exit [ 1, true ]
